{"/Users/kanstantsinhrytsuk/www/pet-projects/patterns-algorithms-and-data-structures/examples/algorithms/search/binarySearch/index.js": {"path":"/Users/kanstantsinhrytsuk/www/pet-projects/patterns-algorithms-and-data-structures/examples/algorithms/search/binarySearch/index.js","statementMap":{"0":{"start":{"line":2,"column":21},"end":{"line":21,"column":1}},"1":{"start":{"line":3,"column":17},"end":{"line":3,"column":18}},"2":{"start":{"line":4,"column":17},"end":{"line":4,"column":31}},"3":{"start":{"line":6,"column":2},"end":{"line":18,"column":3}},"4":{"start":{"line":7,"column":21},"end":{"line":7,"column":58}},"5":{"start":{"line":8,"column":4},"end":{"line":10,"column":5}},"6":{"start":{"line":9,"column":6},"end":{"line":9,"column":22}},"7":{"start":{"line":12,"column":4},"end":{"line":14,"column":5}},"8":{"start":{"line":13,"column":6},"end":{"line":13,"column":30}},"9":{"start":{"line":15,"column":4},"end":{"line":17,"column":5}},"10":{"start":{"line":16,"column":6},"end":{"line":16,"column":30}},"11":{"start":{"line":20,"column":2},"end":{"line":20,"column":12}}},"fnMap":{"0":{"name":"(anonymous_0)","decl":{"start":{"line":2,"column":21},"end":{"line":2,"column":22}},"loc":{"start":{"line":2,"column":38},"end":{"line":21,"column":1}},"line":2}},"branchMap":{"0":{"loc":{"start":{"line":8,"column":4},"end":{"line":10,"column":5}},"type":"if","locations":[{"start":{"line":8,"column":4},"end":{"line":10,"column":5}},{"start":{},"end":{}}],"line":8},"1":{"loc":{"start":{"line":12,"column":4},"end":{"line":14,"column":5}},"type":"if","locations":[{"start":{"line":12,"column":4},"end":{"line":14,"column":5}},{"start":{},"end":{}}],"line":12},"2":{"loc":{"start":{"line":15,"column":4},"end":{"line":17,"column":5}},"type":"if","locations":[{"start":{"line":15,"column":4},"end":{"line":17,"column":5}},{"start":{},"end":{}}],"line":15}},"s":{"0":1,"1":4,"2":4,"3":4,"4":8,"5":8,"6":2,"7":6,"8":4,"9":6,"10":2,"11":2},"f":{"0":4},"b":{"0":[2,6],"1":[4,2],"2":[2,4]},"inputSourceMap":null,"_coverageSchema":"1a1c01bbd47fc00a2c39e90264f33305004495a9","hash":"dd630f67de82c5da47ecf4b978c14617d6225e0e"}
,"/Users/kanstantsinhrytsuk/www/pet-projects/patterns-algorithms-and-data-structures/examples/algorithms/search/linearSearch/index.js": {"path":"/Users/kanstantsinhrytsuk/www/pet-projects/patterns-algorithms-and-data-structures/examples/algorithms/search/linearSearch/index.js","statementMap":{"0":{"start":{"line":1,"column":21},"end":{"line":9,"column":1}},"1":{"start":{"line":2,"column":2},"end":{"line":6,"column":3}},"2":{"start":{"line":2,"column":15},"end":{"line":2,"column":16}},"3":{"start":{"line":3,"column":4},"end":{"line":5,"column":5}},"4":{"start":{"line":4,"column":6},"end":{"line":4,"column":15}},"5":{"start":{"line":8,"column":2},"end":{"line":8,"column":12}}},"fnMap":{"0":{"name":"(anonymous_0)","decl":{"start":{"line":1,"column":21},"end":{"line":1,"column":22}},"loc":{"start":{"line":1,"column":38},"end":{"line":9,"column":1}},"line":1}},"branchMap":{"0":{"loc":{"start":{"line":3,"column":4},"end":{"line":5,"column":5}},"type":"if","locations":[{"start":{"line":3,"column":4},"end":{"line":5,"column":5}},{"start":{},"end":{}}],"line":3}},"s":{"0":1,"1":3,"2":3,"3":12,"4":2,"5":1},"f":{"0":3},"b":{"0":[2,10]},"inputSourceMap":null,"_coverageSchema":"1a1c01bbd47fc00a2c39e90264f33305004495a9","hash":"00a59d47e3e44fa8cbb0484898d1382d25eaa9d8"}
,"/Users/kanstantsinhrytsuk/www/pet-projects/patterns-algorithms-and-data-structures/examples/algorithms/sort/bubbleSort/index.js": {"path":"/Users/kanstantsinhrytsuk/www/pet-projects/patterns-algorithms-and-data-structures/examples/algorithms/sort/bubbleSort/index.js","statementMap":{"0":{"start":{"line":1,"column":19},"end":{"line":23,"column":1}},"1":{"start":{"line":2,"column":17},"end":{"line":2,"column":25}},"2":{"start":{"line":3,"column":12},"end":{"line":3,"column":25}},"3":{"start":{"line":5,"column":2},"end":{"line":20,"column":3}},"4":{"start":{"line":5,"column":15},"end":{"line":5,"column":16}},"5":{"start":{"line":6,"column":18},"end":{"line":6,"column":23}},"6":{"start":{"line":8,"column":4},"end":{"line":14,"column":5}},"7":{"start":{"line":8,"column":17},"end":{"line":8,"column":18}},"8":{"start":{"line":9,"column":6},"end":{"line":13,"column":7}},"9":{"start":{"line":11,"column":8},"end":{"line":11,"column":64}},"10":{"start":{"line":12,"column":8},"end":{"line":12,"column":23}},"11":{"start":{"line":17,"column":4},"end":{"line":19,"column":5}},"12":{"start":{"line":18,"column":6},"end":{"line":18,"column":12}},"13":{"start":{"line":22,"column":2},"end":{"line":22,"column":16}}},"fnMap":{"0":{"name":"(anonymous_0)","decl":{"start":{"line":1,"column":19},"end":{"line":1,"column":20}},"loc":{"start":{"line":1,"column":28},"end":{"line":23,"column":1}},"line":1}},"branchMap":{"0":{"loc":{"start":{"line":9,"column":6},"end":{"line":13,"column":7}},"type":"if","locations":[{"start":{"line":9,"column":6},"end":{"line":13,"column":7}},{"start":{},"end":{}}],"line":9},"1":{"loc":{"start":{"line":17,"column":4},"end":{"line":19,"column":5}},"type":"if","locations":[{"start":{"line":17,"column":4},"end":{"line":19,"column":5}},{"start":{},"end":{}}],"line":17}},"s":{"0":1,"1":6,"2":6,"3":6,"4":6,"5":16,"6":16,"7":16,"8":55,"9":27,"10":27,"11":16,"12":4,"13":6},"f":{"0":6},"b":{"0":[27,28],"1":[4,12]},"inputSourceMap":null,"_coverageSchema":"1a1c01bbd47fc00a2c39e90264f33305004495a9","hash":"aba1b0e8917cbe2495692117f416df70835998e3"}
,"/Users/kanstantsinhrytsuk/www/pet-projects/patterns-algorithms-and-data-structures/examples/algorithms/sort/mergeSort/index.js": {"path":"/Users/kanstantsinhrytsuk/www/pet-projects/patterns-algorithms-and-data-structures/examples/algorithms/sort/mergeSort/index.js","statementMap":{"0":{"start":{"line":1,"column":18},"end":{"line":14,"column":1}},"1":{"start":{"line":3,"column":2},"end":{"line":5,"column":3}},"2":{"start":{"line":4,"column":4},"end":{"line":4,"column":20}},"3":{"start":{"line":8,"column":14},"end":{"line":8,"column":40}},"4":{"start":{"line":9,"column":15},"end":{"line":9,"column":32}},"5":{"start":{"line":10,"column":16},"end":{"line":10,"column":30}},"6":{"start":{"line":13,"column":2},"end":{"line":13,"column":50}},"7":{"start":{"line":16,"column":14},"end":{"line":45,"column":1}},"8":{"start":{"line":17,"column":17},"end":{"line":17,"column":19}},"9":{"start":{"line":18,"column":18},"end":{"line":18,"column":19}},"10":{"start":{"line":19,"column":19},"end":{"line":19,"column":20}},"11":{"start":{"line":22,"column":2},"end":{"line":30,"column":3}},"12":{"start":{"line":23,"column":4},"end":{"line":29,"column":5}},"13":{"start":{"line":24,"column":6},"end":{"line":24,"column":35}},"14":{"start":{"line":25,"column":6},"end":{"line":25,"column":18}},"15":{"start":{"line":27,"column":6},"end":{"line":27,"column":37}},"16":{"start":{"line":28,"column":6},"end":{"line":28,"column":19}},"17":{"start":{"line":33,"column":2},"end":{"line":36,"column":3}},"18":{"start":{"line":34,"column":4},"end":{"line":34,"column":33}},"19":{"start":{"line":35,"column":4},"end":{"line":35,"column":16}},"20":{"start":{"line":39,"column":2},"end":{"line":42,"column":3}},"21":{"start":{"line":40,"column":4},"end":{"line":40,"column":35}},"22":{"start":{"line":41,"column":4},"end":{"line":41,"column":17}},"23":{"start":{"line":44,"column":2},"end":{"line":44,"column":16}}},"fnMap":{"0":{"name":"(anonymous_0)","decl":{"start":{"line":1,"column":18},"end":{"line":1,"column":19}},"loc":{"start":{"line":1,"column":27},"end":{"line":14,"column":1}},"line":1},"1":{"name":"(anonymous_1)","decl":{"start":{"line":16,"column":14},"end":{"line":16,"column":15}},"loc":{"start":{"line":16,"column":31},"end":{"line":45,"column":1}},"line":16}},"branchMap":{"0":{"loc":{"start":{"line":3,"column":2},"end":{"line":5,"column":3}},"type":"if","locations":[{"start":{"line":3,"column":2},"end":{"line":5,"column":3}},{"start":{},"end":{}}],"line":3},"1":{"loc":{"start":{"line":22,"column":9},"end":{"line":22,"column":61}},"type":"binary-expr","locations":[{"start":{"line":22,"column":9},"end":{"line":22,"column":32}},{"start":{"line":22,"column":36},"end":{"line":22,"column":61}}],"line":22},"2":{"loc":{"start":{"line":23,"column":4},"end":{"line":29,"column":5}},"type":"if","locations":[{"start":{"line":23,"column":4},"end":{"line":29,"column":5}},{"start":{"line":26,"column":11},"end":{"line":29,"column":5}}],"line":23}},"s":{"0":1,"1":2057,"2":1033,"3":1024,"4":1024,"5":1024,"6":1024,"7":1,"8":1024,"9":1024,"10":1024,"11":1024,"12":8772,"13":4356,"14":4356,"15":4416,"16":4416,"17":1024,"18":610,"19":610,"20":1024,"21":672,"22":672,"23":1024},"f":{"0":2057,"1":1024},"b":{"0":[1033,1024],"1":[9796,9274],"2":[4356,4416]},"inputSourceMap":null,"_coverageSchema":"1a1c01bbd47fc00a2c39e90264f33305004495a9","hash":"483881b1d811af8c609faaa2900a43a49bde9bc1"}
,"/Users/kanstantsinhrytsuk/www/pet-projects/patterns-algorithms-and-data-structures/examples/algorithms/sort/quickSort/index.js": {"path":"/Users/kanstantsinhrytsuk/www/pet-projects/patterns-algorithms-and-data-structures/examples/algorithms/sort/quickSort/index.js","statementMap":{"0":{"start":{"line":1,"column":18},"end":{"line":36,"column":1}},"1":{"start":{"line":3,"column":17},"end":{"line":3,"column":25}},"2":{"start":{"line":5,"column":26},"end":{"line":14,"column":3}},"3":{"start":{"line":6,"column":4},"end":{"line":13,"column":5}},"4":{"start":{"line":8,"column":25},"end":{"line":8,"column":52}},"5":{"start":{"line":11,"column":6},"end":{"line":11,"column":50}},"6":{"start":{"line":12,"column":6},"end":{"line":12,"column":51}},"7":{"start":{"line":16,"column":20},"end":{"line":32,"column":3}},"8":{"start":{"line":18,"column":18},"end":{"line":18,"column":29}},"9":{"start":{"line":19,"column":12},"end":{"line":19,"column":19}},"10":{"start":{"line":21,"column":4},"end":{"line":27,"column":5}},"11":{"start":{"line":21,"column":17},"end":{"line":21,"column":20}},"12":{"start":{"line":23,"column":6},"end":{"line":26,"column":7}},"13":{"start":{"line":24,"column":8},"end":{"line":24,"column":12}},"14":{"start":{"line":25,"column":8},"end":{"line":25,"column":52}},"15":{"start":{"line":30,"column":4},"end":{"line":30,"column":62}},"16":{"start":{"line":31,"column":4},"end":{"line":31,"column":17}},"17":{"start":{"line":34,"column":2},"end":{"line":34,"column":48}},"18":{"start":{"line":35,"column":2},"end":{"line":35,"column":16}}},"fnMap":{"0":{"name":"(anonymous_0)","decl":{"start":{"line":1,"column":18},"end":{"line":1,"column":19}},"loc":{"start":{"line":1,"column":27},"end":{"line":36,"column":1}},"line":1},"1":{"name":"(anonymous_1)","decl":{"start":{"line":5,"column":26},"end":{"line":5,"column":27}},"loc":{"start":{"line":5,"column":48},"end":{"line":14,"column":3}},"line":5},"2":{"name":"(anonymous_2)","decl":{"start":{"line":16,"column":20},"end":{"line":16,"column":21}},"loc":{"start":{"line":16,"column":42},"end":{"line":32,"column":3}},"line":16}},"branchMap":{"0":{"loc":{"start":{"line":6,"column":4},"end":{"line":13,"column":5}},"type":"if","locations":[{"start":{"line":6,"column":4},"end":{"line":13,"column":5}},{"start":{},"end":{}}],"line":6},"1":{"loc":{"start":{"line":23,"column":6},"end":{"line":26,"column":7}},"type":"if","locations":[{"start":{"line":23,"column":6},"end":{"line":26,"column":7}},{"start":{},"end":{}}],"line":23}},"s":{"0":1,"1":8,"2":8,"3":52,"4":22,"5":22,"6":22,"7":8,"8":22,"9":22,"10":22,"11":22,"12":61,"13":38,"14":38,"15":22,"16":22,"17":8,"18":8},"f":{"0":8,"1":52,"2":22},"b":{"0":[22,30],"1":[38,23]},"inputSourceMap":null,"_coverageSchema":"1a1c01bbd47fc00a2c39e90264f33305004495a9","hash":"4e96ebeb2f0a3f66cd84ec97de46f6ae468b711b"}
,"/Users/kanstantsinhrytsuk/www/pet-projects/patterns-algorithms-and-data-structures/examples/algorithms/sort/selectionSort/index.js": {"path":"/Users/kanstantsinhrytsuk/www/pet-projects/patterns-algorithms-and-data-structures/examples/algorithms/sort/selectionSort/index.js","statementMap":{"0":{"start":{"line":1,"column":22},"end":{"line":22,"column":1}},"1":{"start":{"line":2,"column":17},"end":{"line":2,"column":25}},"2":{"start":{"line":3,"column":12},"end":{"line":3,"column":25}},"3":{"start":{"line":5,"column":2},"end":{"line":19,"column":3}},"4":{"start":{"line":5,"column":15},"end":{"line":5,"column":16}},"5":{"start":{"line":7,"column":19},"end":{"line":7,"column":20}},"6":{"start":{"line":9,"column":4},"end":{"line":13,"column":5}},"7":{"start":{"line":9,"column":17},"end":{"line":9,"column":22}},"8":{"start":{"line":10,"column":6},"end":{"line":12,"column":7}},"9":{"start":{"line":11,"column":8},"end":{"line":11,"column":21}},"10":{"start":{"line":16,"column":4},"end":{"line":18,"column":5}},"11":{"start":{"line":17,"column":6},"end":{"line":17,"column":68}},"12":{"start":{"line":21,"column":2},"end":{"line":21,"column":16}}},"fnMap":{"0":{"name":"(anonymous_0)","decl":{"start":{"line":1,"column":22},"end":{"line":1,"column":23}},"loc":{"start":{"line":1,"column":31},"end":{"line":22,"column":1}},"line":1}},"branchMap":{"0":{"loc":{"start":{"line":10,"column":6},"end":{"line":12,"column":7}},"type":"if","locations":[{"start":{"line":10,"column":6},"end":{"line":12,"column":7}},{"start":{},"end":{}}],"line":10},"1":{"loc":{"start":{"line":16,"column":4},"end":{"line":18,"column":5}},"type":"if","locations":[{"start":{"line":16,"column":4},"end":{"line":18,"column":5}},{"start":{},"end":{}}],"line":16}},"s":{"0":1,"1":7,"2":7,"3":7,"4":7,"5":22,"6":22,"7":22,"8":61,"9":20,"10":22,"11":12,"12":7},"f":{"0":7},"b":{"0":[20,41],"1":[12,10]},"inputSourceMap":null,"_coverageSchema":"1a1c01bbd47fc00a2c39e90264f33305004495a9","hash":"9070d930494e8563d1991e8fdb2db6eaf63a7e3f"}
}
