TN:
SF:examples/algorithms/search/binarySearch/index.js
FN:2,(anonymous_0)
FNF:1
FNH:1
FNDA:4,(anonymous_0)
DA:2,1
DA:3,4
DA:4,4
DA:6,4
DA:7,8
DA:8,8
DA:9,2
DA:12,6
DA:13,4
DA:15,6
DA:16,2
DA:20,2
LF:12
LH:12
BRDA:8,0,0,2
BRDA:8,0,1,6
BRDA:12,1,0,4
BRDA:12,1,1,2
BRDA:15,2,0,2
BRDA:15,2,1,4
BRF:6
BRH:6
end_of_record
TN:
SF:examples/algorithms/search/linearSearch/index.js
FN:1,(anonymous_0)
FNF:1
FNH:1
FNDA:3,(anonymous_0)
DA:1,1
DA:2,3
DA:3,12
DA:4,2
DA:8,1
LF:5
LH:5
BRDA:3,0,0,2
BRDA:3,0,1,10
BRF:2
BRH:2
end_of_record
TN:
SF:examples/algorithms/sort/bubbleSort/index.js
FN:1,(anonymous_0)
FNF:1
FNH:1
FNDA:6,(anonymous_0)
DA:1,1
DA:2,6
DA:3,6
DA:5,6
DA:6,16
DA:8,16
DA:9,55
DA:11,27
DA:12,27
DA:17,16
DA:18,4
DA:22,6
LF:12
LH:12
BRDA:9,0,0,27
BRDA:9,0,1,28
BRDA:17,1,0,4
BRDA:17,1,1,12
BRF:4
BRH:4
end_of_record
TN:
SF:examples/algorithms/sort/mergeSort/index.js
FN:1,(anonymous_0)
FN:16,(anonymous_1)
FNF:2
FNH:2
FNDA:2057,(anonymous_0)
FNDA:1024,(anonymous_1)
DA:1,1
DA:3,2057
DA:4,1033
DA:8,1024
DA:9,1024
DA:10,1024
DA:13,1024
DA:16,1
DA:17,1024
DA:18,1024
DA:19,1024
DA:22,1024
DA:23,8772
DA:24,4356
DA:25,4356
DA:27,4416
DA:28,4416
DA:33,1024
DA:34,610
DA:35,610
DA:39,1024
DA:40,672
DA:41,672
DA:44,1024
LF:24
LH:24
BRDA:3,0,0,1033
BRDA:3,0,1,1024
BRDA:22,1,0,9796
BRDA:22,1,1,9274
BRDA:23,2,0,4356
BRDA:23,2,1,4416
BRF:6
BRH:6
end_of_record
TN:
SF:examples/algorithms/sort/quickSort/index.js
FN:1,(anonymous_0)
FN:5,(anonymous_1)
FN:16,(anonymous_2)
FNF:3
FNH:3
FNDA:8,(anonymous_0)
FNDA:52,(anonymous_1)
FNDA:22,(anonymous_2)
DA:1,1
DA:3,8
DA:5,8
DA:6,52
DA:8,22
DA:11,22
DA:12,22
DA:16,8
DA:18,22
DA:19,22
DA:21,22
DA:23,61
DA:24,38
DA:25,38
DA:30,22
DA:31,22
DA:34,8
DA:35,8
LF:18
LH:18
BRDA:6,0,0,22
BRDA:6,0,1,30
BRDA:23,1,0,38
BRDA:23,1,1,23
BRF:4
BRH:4
end_of_record
TN:
SF:examples/algorithms/sort/selectionSort/index.js
FN:1,(anonymous_0)
FNF:1
FNH:1
FNDA:7,(anonymous_0)
DA:1,1
DA:2,7
DA:3,7
DA:5,7
DA:7,22
DA:9,22
DA:10,61
DA:11,20
DA:16,22
DA:17,12
DA:21,7
LF:11
LH:11
BRDA:10,0,0,20
BRDA:10,0,1,41
BRDA:16,1,0,12
BRDA:16,1,1,10
BRF:4
BRH:4
end_of_record
